# JRE version: Java(TM) SE Runtime Environment (8.0_271-b09) (build 1.8.0_271-b09)
# Java VM: Java HotSpot(TM) 64-Bit Server VM (25.271-b09 mixed mode bsd-amd64 compressed oops)
Heap:
 PSYoungGen      total 340992K, used 32109K [0x00000007aab00000, 0x00000007bfd80000, 0x00000007c0000000)
  eden space 335360K, 9% used [0x00000007aab00000,0x00000007aca5b780,0x00000007bf280000)
  from space 5632K, 0% used [0x00000007bf800000,0x00000007bf800000,0x00000007bfd80000)
  to   space 5632K, 0% used [0x00000007bf280000,0x00000007bf280000,0x00000007bf800000)
 ParOldGen       total 79360K, used 23526K [0x0000000780000000, 0x0000000784d80000, 0x00000007aab00000)
  object space 79360K, 29% used [0x0000000780000000,0x00000007816f9b60,0x0000000784d80000)
 Metaspace       used 46192K, capacity 48556K, committed 48728K, reserved 1091584K
  class space    used 6225K, capacity 6668K, committed 6784K, reserved 1048576K
GC Heap History (10 events):
Event: 41.814 GC heap before
{Heap before GC invocations=43 (full 9):
 PSYoungGen      total 338944K, used 332382K [0x00000007aab00000, 0x00000007bff00000, 0x00000007c0000000)
  eden space 331776K, 100% used [0x00000007aab00000,0x00000007bef00000,0x00000007bef00000)
  from space 7168K, 8% used [0x00000007bef00000,0x00000007bef97a80,0x00000007bf600000)
  to   space 6656K, 0% used [0x00000007bf880000,0x00000007bf880000,0x00000007bff00000)
 ParOldGen       total 79360K, used 23909K [0x0000000780000000, 0x0000000784d80000, 0x00000007aab00000)
  object space 79360K, 30% used [0x0000000780000000,0x0000000781759688,0x0000000784d80000)
 Metaspace       used 46185K, capacity 48556K, committed 48728K, reserved 1091584K
  class space    used 6225K, capacity 6668K, committed 6784K, reserved 1048576K
Event: 41.817 GC heap after
Heap after GC invocations=43 (full 9):
 PSYoungGen      total 341504K, used 542K [0x00000007aab00000, 0x00000007bfe80000, 0x00000007c0000000)
  eden space 335360K, 0% used [0x00000007aab00000,0x00000007aab00000,0x00000007bf280000)
  from space 6144K, 8% used [0x00000007bf880000,0x00000007bf907a80,0x00000007bfe80000)
  to   space 6144K, 0% used [0x00000007bf280000,0x00000007bf280000,0x00000007bf880000)
 ParOldGen       total 79360K, used 23917K [0x0000000780000000, 0x0000000784d80000, 0x00000007aab00000)
  object space 79360K, 30% used [0x0000000780000000,0x000000078175b688,0x0000000784d80000)
 Metaspace       used 46185K, capacity 48556K, committed 48728K, reserved 1091584K
  class space    used 6225K, capacity 6668K, committed 6784K, reserved 1048576K
}
Event: 41.859 GC heap before
{Heap before GC invocations=44 (full 9):
 PSYoungGen      total 341504K, used 159977K [0x00000007aab00000, 0x00000007bfe80000, 0x00000007c0000000)
  eden space 335360K, 47% used [0x00000007aab00000,0x00000007b46b2ab8,0x00000007bf280000)
  from space 6144K, 8% used [0x00000007bf880000,0x00000007bf907a80,0x00000007bfe80000)
  to   space 6144K, 0% used [0x00000007bf280000,0x00000007bf280000,0x00000007bf880000)
 ParOldGen       total 79360K, used 23917K [0x0000000780000000, 0x0000000784d80000, 0x00000007aab00000)
  object space 79360K, 30% used [0x0000000780000000,0x000000078175b688,0x0000000784d80000)
 Metaspace       used 46188K, capacity 48556K, committed 48728K, reserved 1091584K
  class space    used 6225K, capacity 6668K, committed 6784K, reserved 1048576K
Event: 41.862 GC heap after
Heap after GC invocations=44 (full 9):
 PSYoungGen      total 336384K, used 574K [0x00000007aab00000, 0x00000007bfd80000, 0x00000007c0000000)
  eden space 335360K, 0% used [0x00000007aab00000,0x00000007aab00000,0x00000007bf280000)
  from space 1024K, 56% used [0x00000007bf280000,0x00000007bf30fa80,0x00000007bf380000)
  to   space 5632K, 0% used [0x00000007bf800000,0x00000007bf800000,0x00000007bfd80000)
 ParOldGen       total 79360K, used 23917K [0x0000000780000000, 0x0000000784d80000, 0x00000007aab00000)
  object space 79360K, 30% used [0x0000000780000000,0x000000078175b688,0x0000000784d80000)
 Metaspace       used 46188K, capacity 48556K, committed 48728K, reserved 1091584K
  class space    used 6225K, capacity 6668K, committed 6784K, reserved 1048576K
}
Event: 41.862 GC heap before
{Heap before GC invocations=45 (full 10):
 PSYoungGen      total 336384K, used 574K [0x00000007aab00000, 0x00000007bfd80000, 0x00000007c0000000)
  eden space 335360K, 0% used [0x00000007aab00000,0x00000007aab00000,0x00000007bf280000)
  from space 1024K, 56% used [0x00000007bf280000,0x00000007bf30fa80,0x00000007bf380000)
  to   space 5632K, 0% used [0x00000007bf800000,0x00000007bf800000,0x00000007bfd80000)
 ParOldGen       total 79360K, used 23917K [0x0000000780000000, 0x0000000784d80000, 0x00000007aab00000)
  object space 79360K, 30% used [0x0000000780000000,0x000000078175b688,0x0000000784d80000)
 Metaspace       used 46188K, capacity 48556K, committed 48728K, reserved 1091584K
  class space    used 6225K, capacity 6668K, committed 6784K, reserved 1048576K
Event: 41.977 GC heap after
Heap after GC invocations=45 (full 10):
 PSYoungGen      total 336384K, used 0K [0x00000007aab00000, 0x00000007bfd80000, 0x00000007c0000000)
  eden space 335360K, 0% used [0x00000007aab00000,0x00000007aab00000,0x00000007bf280000)
  from space 1024K, 0% used [0x00000007bf280000,0x00000007bf280000,0x00000007bf380000)
  to   space 5632K, 0% used [0x00000007bf800000,0x00000007bf800000,0x00000007bfd80000)
 ParOldGen       total 79360K, used 23844K [0x0000000780000000, 0x0000000784d80000, 0x00000007aab00000)
  object space 79360K, 30% used [0x0000000780000000,0x0000000781749318,0x0000000784d80000)
 Metaspace       used 46188K, capacity 48556K, committed 48728K, reserved 1091584K
  class space    used 6225K, capacity 6668K, committed 6784K, reserved 1048576K
}
Event: 42.015 GC heap before
{Heap before GC invocations=46 (full 10):
 PSYoungGen      total 336384K, used 65464K [0x00000007aab00000, 0x00000007bfd80000, 0x00000007c0000000)
  eden space 335360K, 19% used [0x00000007aab00000,0x00000007aeaee048,0x00000007bf280000)
  from space 1024K, 0% used [0x00000007bf280000,0x00000007bf280000,0x00000007bf380000)
  to   space 5632K, 0% used [0x00000007bf800000,0x00000007bf800000,0x00000007bfd80000)
 ParOldGen       total 79360K, used 23844K [0x0000000780000000, 0x0000000784d80000, 0x00000007aab00000)
  object space 79360K, 30% used [0x0000000780000000,0x0000000781749318,0x0000000784d80000)
 Metaspace       used 46191K, capacity 48556K, committed 48728K, reserved 1091584K
  class space    used 6225K, capacity 6668K, committed 6784K, reserved 1048576K
Event: 42.017 GC heap after
Heap after GC invocations=46 (full 10):
 PSYoungGen      total 340992K, used 128K [0x00000007aab00000, 0x00000007bfd80000, 0x00000007c0000000)
  eden space 335360K, 0% used [0x00000007aab00000,0x00000007aab00000,0x00000007bf280000)
  from space 5632K, 2% used [0x00000007bf800000,0x00000007bf820000,0x00000007bfd80000)
  to   space 5632K, 0% used [0x00000007bf280000,0x00000007bf280000,0x00000007bf800000)
 ParOldGen       total 79360K, used 23844K [0x0000000780000000, 0x0000000784d80000, 0x00000007aab00000)
  object space 79360K, 30% used [0x0000000780000000,0x0000000781749318,0x0000000784d80000)
 Metaspace       used 46191K, capacity 48556K, committed 48728K, reserved 1091584K
  class space    used 6225K, capacity 6668K, committed 6784K, reserved 1048576K
}
Event: 42.017 GC heap before
{Heap before GC invocations=47 (full 11):
 PSYoungGen      total 340992K, used 128K [0x00000007aab00000, 0x00000007bfd80000, 0x00000007c0000000)
  eden space 335360K, 0% used [0x00000007aab00000,0x00000007aab00000,0x00000007bf280000)
  from space 5632K, 2% used [0x00000007bf800000,0x00000007bf820000,0x00000007bfd80000)
  to   space 5632K, 0% used [0x00000007bf280000,0x00000007bf280000,0x00000007bf800000)
 ParOldGen       total 79360K, used 23844K [0x0000000780000000, 0x0000000784d80000, 0x00000007aab00000)
  object space 79360K, 30% used [0x0000000780000000,0x0000000781749318,0x0000000784d80000)
 Metaspace       used 46191K, capacity 48556K, committed 48728K, reserved 1091584K
  class space    used 6225K, capacity 6668K, committed 6784K, reserved 1048576K
Event: 42.082 GC heap after
Heap after GC invocations=47 (full 11):
 PSYoungGen      total 340992K, used 0K [0x00000007aab00000, 0x00000007bfd80000, 0x00000007c0000000)
  eden space 335360K, 0% used [0x00000007aab00000,0x00000007aab00000,0x00000007bf280000)
  from space 5632K, 0% used [0x00000007bf800000,0x00000007bf800000,0x00000007bfd80000)
  to   space 5632K, 0% used [0x00000007bf280000,0x00000007bf280000,0x00000007bf800000)
 ParOldGen       total 79360K, used 23526K [0x0000000780000000, 0x0000000784d80000, 0x00000007aab00000)
  object space 79360K, 29% used [0x0000000780000000,0x00000007816f9b60,0x0000000784d80000)
 Metaspace       used 46191K, capacity 48556K, committed 48728K, reserved 1091584K
  class space    used 6225K, capacity 6668K, committed 6784K, reserved 1048576K
}

