# JRE version: Java(TM) SE Runtime Environment (8.0_271-b09) (build 1.8.0_271-b09)
# Java VM: Java HotSpot(TM) 64-Bit Server VM (25.271-b09 mixed mode bsd-amd64 compressed oops)
Heap:
 PSYoungGen      total 345600K, used 66779K [0x00000007aab00000, 0x00000007c0000000, 0x00000007c0000000)
  eden space 343040K, 19% used [0x00000007aab00000,0x00000007aeb555b8,0x00000007bfa00000)
  from space 2560K, 35% used [0x00000007bfa00000,0x00000007bfae1908,0x00000007bfc80000)
  to   space 2560K, 0% used [0x00000007bfd80000,0x00000007bfd80000,0x00000007c0000000)
 ParOldGen       total 62464K, used 29357K [0x0000000780000000, 0x0000000783d00000, 0x00000007aab00000)
  object space 62464K, 46% used [0x0000000780000000,0x0000000781cab6e0,0x0000000783d00000)
 Metaspace       used 48085K, capacity 50602K, committed 50904K, reserved 1093632K
  class space    used 6338K, capacity 6801K, committed 6912K, reserved 1048576K
GC Heap History (10 events):
Event: 630.269 GC heap before
{Heap before GC invocations=73 (full 21):
 PSYoungGen      total 345088K, used 22854K [0x00000007aab00000, 0x00000007bff00000, 0x00000007c0000000)
  eden space 341504K, 6% used [0x00000007aab00000,0x00000007ac151a40,0x00000007bf880000)
  from space 3584K, 0% used [0x00000007bf880000,0x00000007bf880000,0x00000007bfc00000)
  to   space 3072K, 0% used [0x00000007bfc00000,0x00000007bfc00000,0x00000007bff00000)
 ParOldGen       total 62464K, used 29367K [0x0000000780000000, 0x0000000783d00000, 0x00000007aab00000)
  object space 62464K, 47% used [0x0000000780000000,0x0000000781cadf40,0x0000000783d00000)
 Metaspace       used 48006K, capacity 50538K, committed 50904K, reserved 1093632K
  class space    used 6338K, capacity 6801K, committed 6912K, reserved 1048576K
Event: 630.271 GC heap after
Heap after GC invocations=73 (full 21):
 PSYoungGen      total 345088K, used 64K [0x00000007aab00000, 0x00000007bff00000, 0x00000007c0000000)
  eden space 342016K, 0% used [0x00000007aab00000,0x00000007aab00000,0x00000007bf900000)
  from space 3072K, 2% used [0x00000007bfc00000,0x00000007bfc10000,0x00000007bff00000)
  to   space 3072K, 0% used [0x00000007bf900000,0x00000007bf900000,0x00000007bfc00000)
 ParOldGen       total 62464K, used 29367K [0x0000000780000000, 0x0000000783d00000, 0x00000007aab00000)
  object space 62464K, 47% used [0x0000000780000000,0x0000000781cadf40,0x0000000783d00000)
 Metaspace       used 48006K, capacity 50538K, committed 50904K, reserved 1093632K
  class space    used 6338K, capacity 6801K, committed 6912K, reserved 1048576K
}
Event: 630.271 GC heap before
{Heap before GC invocations=74 (full 22):
 PSYoungGen      total 345088K, used 64K [0x00000007aab00000, 0x00000007bff00000, 0x00000007c0000000)
  eden space 342016K, 0% used [0x00000007aab00000,0x00000007aab00000,0x00000007bf900000)
  from space 3072K, 2% used [0x00000007bfc00000,0x00000007bfc10000,0x00000007bff00000)
  to   space 3072K, 0% used [0x00000007bf900000,0x00000007bf900000,0x00000007bfc00000)
 ParOldGen       total 62464K, used 29367K [0x0000000780000000, 0x0000000783d00000, 0x00000007aab00000)
  object space 62464K, 47% used [0x0000000780000000,0x0000000781cadf40,0x0000000783d00000)
 Metaspace       used 48006K, capacity 50538K, committed 50904K, reserved 1093632K
  class space    used 6338K, capacity 6801K, committed 6912K, reserved 1048576K
Event: 630.347 GC heap after
Heap after GC invocations=74 (full 22):
 PSYoungGen      total 345088K, used 0K [0x00000007aab00000, 0x00000007bff00000, 0x00000007c0000000)
  eden space 342016K, 0% used [0x00000007aab00000,0x00000007aab00000,0x00000007bf900000)
  from space 3072K, 0% used [0x00000007bfc00000,0x00000007bfc00000,0x00000007bff00000)
  to   space 3072K, 0% used [0x00000007bf900000,0x00000007bf900000,0x00000007bfc00000)
 ParOldGen       total 62464K, used 29349K [0x0000000780000000, 0x0000000783d00000, 0x00000007aab00000)
  object space 62464K, 46% used [0x0000000780000000,0x0000000781ca96e0,0x0000000783d00000)
 Metaspace       used 48006K, capacity 50538K, committed 50904K, reserved 1093632K
  class space    used 6338K, capacity 6801K, committed 6912K, reserved 1048576K
}
Event: 630.916 GC heap before
{Heap before GC invocations=75 (full 22):
 PSYoungGen      total 345088K, used 342016K [0x00000007aab00000, 0x00000007bff00000, 0x00000007c0000000)
  eden space 342016K, 100% used [0x00000007aab00000,0x00000007bf900000,0x00000007bf900000)
  from space 3072K, 0% used [0x00000007bfc00000,0x00000007bfc00000,0x00000007bff00000)
  to   space 3072K, 0% used [0x00000007bf900000,0x00000007bf900000,0x00000007bfc00000)
 ParOldGen       total 62464K, used 29349K [0x0000000780000000, 0x0000000783d00000, 0x00000007aab00000)
  object space 62464K, 46% used [0x0000000780000000,0x0000000781ca96e0,0x0000000783d00000)
 Metaspace       used 48012K, capacity 50538K, committed 50904K, reserved 1093632K
  class space    used 6338K, capacity 6801K, committed 6912K, reserved 1048576K
Event: 630.919 GC heap after
Heap after GC invocations=75 (full 22):
 PSYoungGen      total 345088K, used 160K [0x00000007aab00000, 0x00000007c0000000, 0x00000007c0000000)
  eden space 342016K, 0% used [0x00000007aab00000,0x00000007aab00000,0x00000007bf900000)
  from space 3072K, 5% used [0x00000007bf900000,0x00000007bf928000,0x00000007bfc00000)
  to   space 3072K, 0% used [0x00000007bfd00000,0x00000007bfd00000,0x00000007c0000000)
 ParOldGen       total 62464K, used 29349K [0x0000000780000000, 0x0000000783d00000, 0x00000007aab00000)
  object space 62464K, 46% used [0x0000000780000000,0x0000000781ca96e0,0x0000000783d00000)
 Metaspace       used 48012K, capacity 50538K, committed 50904K, reserved 1093632K
  class space    used 6338K, capacity 6801K, committed 6912K, reserved 1048576K
}
Event: 632.495 GC heap before
{Heap before GC invocations=76 (full 22):
 PSYoungGen      total 345088K, used 342176K [0x00000007aab00000, 0x00000007c0000000, 0x00000007c0000000)
  eden space 342016K, 100% used [0x00000007aab00000,0x00000007bf900000,0x00000007bf900000)
  from space 3072K, 5% used [0x00000007bf900000,0x00000007bf928000,0x00000007bfc00000)
  to   space 3072K, 0% used [0x00000007bfd00000,0x00000007bfd00000,0x00000007c0000000)
 ParOldGen       total 62464K, used 29349K [0x0000000780000000, 0x0000000783d00000, 0x00000007aab00000)
  object space 62464K, 46% used [0x0000000780000000,0x0000000781ca96e0,0x0000000783d00000)
 Metaspace       used 48041K, capacity 50602K, committed 50904K, reserved 1093632K
  class space    used 6338K, capacity 6801K, committed 6912K, reserved 1048576K
Event: 632.497 GC heap after
Heap after GC invocations=76 (full 22):
 PSYoungGen      total 345088K, used 448K [0x00000007aab00000, 0x00000007bff00000, 0x00000007c0000000)
  eden space 343040K, 0% used [0x00000007aab00000,0x00000007aab00000,0x00000007bfa00000)
  from space 2048K, 21% used [0x00000007bfd00000,0x00000007bfd70000,0x00000007bff00000)
  to   space 2560K, 0% used [0x00000007bfa00000,0x00000007bfa00000,0x00000007bfc80000)
 ParOldGen       total 62464K, used 29349K [0x0000000780000000, 0x0000000783d00000, 0x00000007aab00000)
  object space 62464K, 46% used [0x0000000780000000,0x0000000781ca96e0,0x0000000783d00000)
 Metaspace       used 48041K, capacity 50602K, committed 50904K, reserved 1093632K
  class space    used 6338K, capacity 6801K, committed 6912K, reserved 1048576K
}
Event: 633.707 GC heap before
{Heap before GC invocations=77 (full 22):
 PSYoungGen      total 345088K, used 343488K [0x00000007aab00000, 0x00000007bff00000, 0x00000007c0000000)
  eden space 343040K, 100% used [0x00000007aab00000,0x00000007bfa00000,0x00000007bfa00000)
  from space 2048K, 21% used [0x00000007bfd00000,0x00000007bfd70000,0x00000007bff00000)
  to   space 2560K, 0% used [0x00000007bfa00000,0x00000007bfa00000,0x00000007bfc80000)
 ParOldGen       total 62464K, used 29349K [0x0000000780000000, 0x0000000783d00000, 0x00000007aab00000)
  object space 62464K, 46% used [0x0000000780000000,0x0000000781ca96e0,0x0000000783d00000)
 Metaspace       used 48085K, capacity 50602K, committed 50904K, reserved 1093632K
  class space    used 6338K, capacity 6801K, committed 6912K, reserved 1048576K
Event: 633.709 GC heap after
Heap after GC invocations=77 (full 22):
 PSYoungGen      total 345600K, used 902K [0x00000007aab00000, 0x00000007c0000000, 0x00000007c0000000)
  eden space 343040K, 0% used [0x00000007aab00000,0x00000007aab00000,0x00000007bfa00000)
  from space 2560K, 35% used [0x00000007bfa00000,0x00000007bfae1908,0x00000007bfc80000)
  to   space 2560K, 0% used [0x00000007bfd80000,0x00000007bfd80000,0x00000007c0000000)
 ParOldGen       total 62464K, used 29357K [0x0000000780000000, 0x0000000783d00000, 0x00000007aab00000)
  object space 62464K, 46% used [0x0000000780000000,0x0000000781cab6e0,0x0000000783d00000)
 Metaspace       used 48085K, capacity 50602K, committed 50904K, reserved 1093632K
  class space    used 6338K, capacity 6801K, committed 6912K, reserved 1048576K
}

